#! /usr/bin/vvp
:ivl_version "0.9.7 " "(v0_9_7)";
:vpi_time_precision - 6;
:vpi_module "system";
:vpi_module "v2005_math";
:vpi_module "va_math";
S_0x2143a00 .scope module, "t_regfile" "t_regfile" 2 38;
 .timescale -3 -6;
v0x217aa00_0 .var "t_i_CLK", 0 0;
v0x217aaa0_0 .var "t_i_a1", 4 0;
v0x217ab50_0 .var "t_i_a2", 4 0;
v0x217ac00_0 .var "t_i_a3", 4 0;
v0x217ace0_0 .var "t_i_wd3", 31 0;
v0x217ad90_0 .var "t_i_we3", 0 0;
v0x217ae10_0 .net "t_o_rd1", 31 0, L_0x217b060; 1 drivers
v0x217aec0_0 .net "t_o_rd2", 31 0, L_0x217b250; 1 drivers
S_0x2131690 .scope module, "UUT" "regfile" 2 45, 2 5, S_0x2143a00;
 .timescale 0 0;
L_0x217b060 .functor BUFZ 32, L_0x217af70, C4<00000000000000000000000000000000>, C4<00000000000000000000000000000000>, C4<00000000000000000000000000000000>;
L_0x217b250 .functor BUFZ 32, L_0x217b160, C4<00000000000000000000000000000000>, C4<00000000000000000000000000000000>, C4<00000000000000000000000000000000>;
v0x2143ef0_0 .net *"_s0", 31 0, L_0x217af70; 1 drivers
v0x217a2e0_0 .net *"_s4", 31 0, L_0x217b160; 1 drivers
v0x217a380_0 .net "i_CLK", 0 0, v0x217aa00_0; 1 drivers
v0x217a420_0 .net "i_a1", 4 0, v0x217aaa0_0; 1 drivers
v0x217a4d0_0 .net "i_a2", 4 0, v0x217ab50_0; 1 drivers
v0x217a570_0 .net "i_a3", 4 0, v0x217ac00_0; 1 drivers
v0x217a650_0 .net "i_wd3", 31 0, v0x217ace0_0; 1 drivers
v0x217a6f0_0 .net "i_we3", 0 0, v0x217ad90_0; 1 drivers
v0x217a7e0_0 .alias "o_rd1", 31 0, v0x217ae10_0;
v0x217a880_0 .alias "o_rd2", 31 0, v0x217aec0_0;
v0x217a980 .array "r_register_set", 0 31, 31 0;
E_0x2143b40 .event posedge, v0x217a380_0;
L_0x217af70 .array/port v0x217a980, v0x217aaa0_0;
L_0x217b160 .array/port v0x217a980, v0x217ab50_0;
    .scope S_0x2131690;
T_0 ;
    %wait E_0x2143b40;
    %load/v 8, v0x217a6f0_0, 1;
    %jmp/0xz  T_0.0, 8;
    %load/v 8, v0x217a650_0, 32;
    %ix/getv 3, v0x217a570_0;
    %jmp/1 t_0, 4;
    %ix/load 0, 32, 0; word width
    %ix/load 1, 0, 0; part off
    %assign/av v0x217a980, 0, 8;
t_0 ;
T_0.0 ;
    %jmp T_0;
    .thread T_0;
    .scope S_0x2143a00;
T_1 ;
    %set/v v0x217aa00_0, 0, 1;
    %end;
    .thread T_1;
    .scope S_0x2143a00;
T_2 ;
    %set/v v0x217ad90_0, 0, 1;
    %end;
    .thread T_2;
    .scope S_0x2143a00;
T_3 ;
    %delay 50000, 0;
    %load/v 8, v0x217aa00_0, 1;
    %inv 8, 1;
    %ix/load 0, 1, 0;
    %assign/v0 v0x217aa00_0, 0, 8;
    %jmp T_3;
    .thread T_3;
    .scope S_0x2143a00;
T_4 ;
    %vpi_call 2 59 "$dumpfile", "lab6.lxt";
    %vpi_call 2 60 "$dumpvars";
    %delay 500000, 0;
    %ix/load 0, 1, 0;
    %assign/v0 v0x217ad90_0, 0, 1;
    %movi 8, 8, 5;
    %ix/load 0, 5, 0;
    %assign/v0 v0x217ac00_0, 0, 8;
    %movi 8, 3064704349, 32;
    %ix/load 0, 32, 0;
    %assign/v0 v0x217ace0_0, 0, 8;
    %delay 200000, 0;
    %ix/load 0, 1, 0;
    %assign/v0 v0x217ad90_0, 0, 0;
    %delay 105000, 0;
    %movi 8, 6, 5;
    %ix/load 0, 5, 0;
    %assign/v0 v0x217ac00_0, 0, 8;
    %movi 8, 1463413554, 32;
    %ix/load 0, 32, 0;
    %assign/v0 v0x217ace0_0, 0, 8;
    %ix/load 0, 1, 0;
    %assign/v0 v0x217ad90_0, 0, 1;
    %delay 125000, 0;
    %ix/load 0, 1, 0;
    %assign/v0 v0x217ad90_0, 0, 0;
    %delay 20000, 0;
    %movi 8, 6, 5;
    %ix/load 0, 5, 0;
    %assign/v0 v0x217aaa0_0, 0, 8;
    %movi 8, 8, 5;
    %ix/load 0, 5, 0;
    %assign/v0 v0x217ab50_0, 0, 8;
    %delay 5000000, 0;
    %vpi_call 2 78 "$finish";
    %end;
    .thread T_4;
# The file index is used to find the file name in the following table.
:file_names 3;
    "N/A";
    "<interactive>";
    "lab6.v";
